<?xml version="1.0" encoding="UTF-8"?>
<testng-results ignored="0" total="4" passed="4" failed="0" skipped="0">
  <reporter-output>
  </reporter-output>
  <suite started-at="2024-09-19T22:26:58 EEST" name="Default Suite" finished-at="2024-09-19T22:27:20 EEST" duration-ms="21090">
    <groups>
    </groups>
    <test started-at="2024-09-19T22:26:58 EEST" name="DemoBlazeAutomation" finished-at="2024-09-19T22:27:20 EEST" duration-ms="21090">
      <class name="demoBlaze">
        <test-method is-config="true" signature="openBrowser()[pri:0, instance:demoBlaze@3ba9ad43]" started-at="2024-09-19T22:26:58 EEST" name="openBrowser" finished-at="2024-09-19T22:27:02 EEST" duration-ms="3522" status="PASS">
          <reporter-output>
          </reporter-output>
        </test-method> <!-- openBrowser -->
        <test-method signature="signUp()[pri:2, instance:demoBlaze@3ba9ad43]" started-at="2024-09-19T22:27:02 EEST" name="signUp" finished-at="2024-09-19T22:27:06 EEST" duration-ms="4210" status="PASS">
          <reporter-output>
          </reporter-output>
        </test-method> <!-- signUp -->
        <test-method signature="signIn()[pri:4, instance:demoBlaze@3ba9ad43]" started-at="2024-09-19T22:27:06 EEST" name="signIn" finished-at="2024-09-19T22:27:10 EEST" duration-ms="4164" status="PASS">
          <reporter-output>
          </reporter-output>
        </test-method> <!-- signIn -->
        <test-method signature="addItemToCart()[pri:6, instance:demoBlaze@3ba9ad43]" started-at="2024-09-19T22:27:10 EEST" name="addItemToCart" finished-at="2024-09-19T22:27:14 EEST" duration-ms="3653" status="PASS">
          <reporter-output>
          </reporter-output>
        </test-method> <!-- addItemToCart -->
        <test-method signature="placeOrder()[pri:8, instance:demoBlaze@3ba9ad43]" started-at="2024-09-19T22:27:14 EEST" name="placeOrder" finished-at="2024-09-19T22:27:17 EEST" duration-ms="3078" status="PASS">
          <reporter-output>
          </reporter-output>
        </test-method> <!-- placeOrder -->
        <test-method is-config="true" signature="quit()[pri:0, instance:demoBlaze@3ba9ad43]" started-at="2024-09-19T22:27:17 EEST" name="quit" finished-at="2024-09-19T22:27:20 EEST" duration-ms="2401" status="PASS">
          <reporter-output>
          </reporter-output>
        </test-method> <!-- quit -->
      </class> <!-- demoBlaze -->
    </test> <!-- DemoBlazeAutomation -->
  </suite> <!-- Default Suite -->
</testng-results>
